<?xml version="1.0" encoding="UTF-8"?>
<!-- Generated by org.testng.reporters.JUnitXMLReporter -->
<testsuite ignored="2" hostname="Shopse-396" failures="2" tests="7" name="car loan" time="0.089" errors="0" timestamp="2024-07-20T22:12:08 IST">
  <testcase classname="test.day3TestCasePriority" name="MobileCarLoan" time="0.007"/>
  <testcase classname="test.day3TestCasePriority" name="MobileCarLoanlogin" time="0.011">
    <failure type="java.lang.AssertionError" message="expected [true] but found [false]">
      <![CDATA[java.lang.AssertionError: expected [true] but found [false]
at test.day3TestCasePriority.MobileCarLoanlogin(day3TestCasePriority.java:47)
at java.base/java.util.ArrayList.forEach(ArrayList.java:1511)
at java.base/java.util.concurrent.FutureTask.run(FutureTask.java:264)
at java.base/java.util.concurrent.ThreadPoolExecutor.runWorker(ThreadPoolExecutor.java:1136)
at java.base/java.util.concurrent.ThreadPoolExecutor$Worker.run(ThreadPoolExecutor.java:635)
at java.base/java.lang.Thread.run(Thread.java:833)
... Removed 21 stack frames]]>
    </failure>
  </testcase> <!-- MobileCarLoanlogin -->
  <testcase classname="test.day3TestCasePriority" name="MobileCarLoanlogout" time="0.001"/>
  <testcase classname="test.day3TestCasePriority" name="MobileCarLoansignout" time="0.0">
    <failure type="java.lang.ArithmeticException" message="/ by zero">
      <![CDATA[java.lang.ArithmeticException: / by zero
at test.day3TestCasePriority.MobileCarLoansignout(day3TestCasePriority.java:71)
at java.base/java.util.ArrayList.forEach(ArrayList.java:1511)
at java.base/java.util.concurrent.FutureTask.run(FutureTask.java:264)
at java.base/java.util.concurrent.ThreadPoolExecutor.runWorker(ThreadPoolExecutor.java:1136)
at java.base/java.util.concurrent.ThreadPoolExecutor$Worker.run(ThreadPoolExecutor.java:635)
at java.base/java.lang.Thread.run(Thread.java:833)
... Removed 17 stack frames]]>
    </failure>
  </testcase> <!-- MobileCarLoansignout -->
  <testcase classname="test.day3TestCasePriority" name="MobileCarLoansingIn" time="0.002"/>
  <testcase classname="test.day3TestCasePriority" name="MobileCarLoansingIn" time="0.004"/>
  <testcase classname="test.day3TestCasePriority" name="MobileCarLoansingIn" time="0.003"/>
  <testcase classname="test.day3TestCasePriority" name="LoginAPICarLoan" time="0.0">
    <ignored/>
  </testcase> <!-- LoginAPICarLoan -->
  <testcase classname="test.day3TestCasePriority" name="webLoginCarLoan" time="0.0">
    <ignored/>
  </testcase> <!-- webLoginCarLoan -->
</testsuite> <!-- car loan -->
