<?xml version="1.0" encoding="UTF-8"?>
<testng-results ignored="0" total="13" passed="11" failed="2" skipped="0">
  <reporter-output>
  </reporter-output>
  <suite started-at="2024-07-20T22:12:08 IST" name="Loan Department" finished-at="2024-07-20T22:12:08 IST" duration-ms="89">
    <groups>
      <group name="smoke">
        <method signature="Day4TestCasePriority.LoginAPIHomeLoan()[pri:0, instance:test.Day4TestCasePriority@5824a83d]" name="LoginAPIHomeLoan" class="test.Day4TestCasePriority"/>
        <method signature="class1.demo()[pri:0, instance:test.class1@70e9c95d]" name="demo" class="test.class1"/>
        <method signature="day2.demo4()[pri:0, instance:test.day2@6221a451]" name="demo4" class="test.day2"/>
      </group> <!-- smoke -->
    </groups>
    <test started-at="2024-07-20T22:12:08 IST" name="Personal Loan" finished-at="2024-07-20T22:12:08 IST" duration-ms="74">
      <class name="test.Day4TestCasePriority">
        <test-method is-config="true" signature="BeforeClass()[pri:0, instance:test.Day4TestCasePriority@5824a83d]" started-at="2024-07-20T22:12:08 IST" name="BeforeClass" finished-at="2024-07-20T22:12:08 IST" duration-ms="0" status="PASS">
          <reporter-output>
          </reporter-output>
        </test-method> <!-- BeforeClass -->
        <test-method signature="LoginAPIHomeLoan()[pri:0, instance:test.Day4TestCasePriority@5824a83d]" started-at="2024-07-20T22:12:08 IST" name="LoginAPIHomeLoan" finished-at="2024-07-20T22:12:08 IST" duration-ms="2" status="PASS">
          <reporter-output>
          </reporter-output>
        </test-method> <!-- LoginAPIHomeLoan -->
        <test-method signature="MobileHomeLoan()[pri:0, instance:test.Day4TestCasePriority@5824a83d]" started-at="2024-07-20T22:12:08 IST" name="MobileHomeLoan" finished-at="2024-07-20T22:12:08 IST" duration-ms="1" status="PASS">
          <reporter-output>
          </reporter-output>
        </test-method> <!-- MobileHomeLoan -->
        <test-method signature="webcarHomeLoan(java.lang.String)[pri:0, instance:test.Day4TestCasePriority@5824a83d]" started-at="2024-07-20T22:12:08 IST" name="webcarHomeLoan" finished-at="2024-07-20T22:12:08 IST" duration-ms="0" status="PASS">
          <params>
            <param index="0">
              <value>
                <![CDATA[personalloan.com]]>
              </value>
            </param>
          </params>
          <reporter-output>
          </reporter-output>
        </test-method> <!-- webcarHomeLoan -->
        <test-method is-config="true" signature="Afterclass()[pri:0, instance:test.Day4TestCasePriority@5824a83d]" started-at="2024-07-20T22:12:08 IST" name="Afterclass" finished-at="2024-07-20T22:12:08 IST" duration-ms="0" status="PASS">
          <reporter-output>
          </reporter-output>
        </test-method> <!-- Afterclass -->
      </class> <!-- test.Day4TestCasePriority -->
      <class name="test.class1">
        <test-method signature="demo()[pri:0, instance:test.class1@70e9c95d]" started-at="2024-07-20T22:12:08 IST" name="demo" finished-at="2024-07-20T22:12:08 IST" duration-ms="4" status="PASS">
          <reporter-output>
          </reporter-output>
        </test-method> <!-- demo -->
        <test-method is-config="true" signature="MobileafterLoan()[pri:0, instance:test.class1@70e9c95d]" started-at="2024-07-20T22:12:08 IST" name="MobileafterLoan" finished-at="2024-07-20T22:12:08 IST" duration-ms="0" status="PASS">
          <reporter-output>
          </reporter-output>
        </test-method> <!-- MobileafterLoan -->
      </class> <!-- test.class1 -->
      <class name="test.day2">
        <test-method is-config="true" signature="prereqisite()[pri:0, instance:test.day2@6221a451]" started-at="2024-07-20T22:12:08 IST" name="prereqisite" finished-at="2024-07-20T22:12:08 IST" duration-ms="1" status="PASS">
          <reporter-output>
          </reporter-output>
        </test-method> <!-- prereqisite -->
        <test-method is-config="true" signature="BeforeMethod()[pri:0, instance:test.day2@6221a451]" started-at="2024-07-20T22:12:08 IST" name="BeforeMethod" finished-at="2024-07-20T22:12:08 IST" duration-ms="0" status="PASS">
          <reporter-output>
          </reporter-output>
        </test-method> <!-- BeforeMethod -->
        <test-method signature="demo3()[pri:0, instance:test.day2@6221a451]" started-at="2024-07-20T22:12:08 IST" name="demo3" finished-at="2024-07-20T22:12:08 IST" duration-ms="1" status="PASS">
          <reporter-output>
          </reporter-output>
        </test-method> <!-- demo3 -->
        <test-method is-config="true" signature="afterMethod()[pri:0, instance:test.day2@6221a451]" started-at="2024-07-20T22:12:08 IST" name="afterMethod" finished-at="2024-07-20T22:12:08 IST" duration-ms="0" status="PASS">
          <reporter-output>
          </reporter-output>
        </test-method> <!-- afterMethod -->
        <test-method signature="demo4()[pri:0, instance:test.day2@6221a451]" started-at="2024-07-20T22:12:08 IST" name="demo4" finished-at="2024-07-20T22:12:08 IST" duration-ms="1" status="PASS">
          <reporter-output>
          </reporter-output>
        </test-method> <!-- demo4 -->
        <test-method is-config="true" signature="BeforeMethod()[pri:0, instance:test.day2@6221a451]" started-at="2024-07-20T22:12:08 IST" name="BeforeMethod" finished-at="2024-07-20T22:12:08 IST" duration-ms="0" status="PASS">
          <reporter-output>
          </reporter-output>
        </test-method> <!-- BeforeMethod -->
        <test-method is-config="true" signature="afterMethod()[pri:0, instance:test.day2@6221a451]" started-at="2024-07-20T22:12:08 IST" name="afterMethod" finished-at="2024-07-20T22:12:08 IST" duration-ms="0" status="PASS">
          <reporter-output>
          </reporter-output>
        </test-method> <!-- afterMethod -->
      </class> <!-- test.day2 -->
    </test> <!-- Personal Loan -->
    <test started-at="2024-07-20T22:12:08 IST" name="car loan" finished-at="2024-07-20T22:12:08 IST" duration-ms="89">
      <class name="test.Day4TestCasePriority">
        <test-method is-config="true" signature="afterSuite()[pri:0, instance:test.Day4TestCasePriority@5824a83d]" started-at="2024-07-20T22:12:08 IST" name="afterSuite" finished-at="2024-07-20T22:12:08 IST" duration-ms="2" status="PASS">
          <reporter-output>
          </reporter-output>
        </test-method> <!-- afterSuite -->
      </class> <!-- test.Day4TestCasePriority -->
      <class name="test.day3TestCasePriority">
        <test-method is-config="true" signature="BeforeSuite()[pri:0, instance:test.day3TestCasePriority@72035809]" started-at="2024-07-20T22:12:08 IST" name="BeforeSuite" finished-at="2024-07-20T22:12:08 IST" duration-ms="21" status="PASS">
          <reporter-output>
          </reporter-output>
        </test-method> <!-- BeforeSuite -->
        <test-method is-config="true" signature="beforeclass()[pri:0, instance:test.day3TestCasePriority@72035809]" started-at="2024-07-20T22:12:08 IST" name="beforeclass" finished-at="2024-07-20T22:12:08 IST" duration-ms="1" status="PASS">
          <reporter-output>
          </reporter-output>
        </test-method> <!-- beforeclass -->
        <test-method signature="MobileCarLoan()[pri:0, instance:test.day3TestCasePriority@72035809]" started-at="2024-07-20T22:12:08 IST" name="MobileCarLoan" finished-at="2024-07-20T22:12:08 IST" duration-ms="7" status="PASS">
          <reporter-output>
          </reporter-output>
        </test-method> <!-- MobileCarLoan -->
        <test-method signature="MobileCarLoanlogin()[pri:0, instance:test.day3TestCasePriority@72035809]" started-at="2024-07-20T22:12:08 IST" name="MobileCarLoanlogin" finished-at="2024-07-20T22:12:08 IST" duration-ms="11" status="FAIL">
          <exception class="java.lang.AssertionError">
            <message>
              <![CDATA[expected [true] but found [false]]]>
            </message>
            <full-stacktrace>
              <![CDATA[java.lang.AssertionError: expected [true] but found [false]
at org.testng.Assert.fail(Assert.java:111)
at org.testng.Assert.failNotEquals(Assert.java:1578)
at org.testng.Assert.assertTrue(Assert.java:57)
at org.testng.Assert.assertTrue(Assert.java:67)
at test.day3TestCasePriority.MobileCarLoanlogin(day3TestCasePriority.java:47)
at java.base/jdk.internal.reflect.NativeMethodAccessorImpl.invoke0(Native Method)
at java.base/jdk.internal.reflect.NativeMethodAccessorImpl.invoke(NativeMethodAccessorImpl.java:77)
at java.base/jdk.internal.reflect.DelegatingMethodAccessorImpl.invoke(DelegatingMethodAccessorImpl.java:43)
at java.base/java.lang.reflect.Method.invoke(Method.java:568)
at org.testng.internal.invokers.MethodInvocationHelper.invokeMethod(MethodInvocationHelper.java:141)
at org.testng.internal.invokers.TestInvoker.invokeMethod(TestInvoker.java:686)
at org.testng.internal.invokers.TestInvoker.invokeTestMethod(TestInvoker.java:230)
at org.testng.internal.invokers.MethodRunner.runInSequence(MethodRunner.java:63)
at org.testng.internal.invokers.TestInvoker$MethodInvocationAgent.invoke(TestInvoker.java:992)
at org.testng.internal.invokers.TestInvoker.invokeTestMethods(TestInvoker.java:203)
at org.testng.internal.invokers.TestMethodWorker.invokeTestMethods(TestMethodWorker.java:154)
at org.testng.internal.invokers.TestMethodWorker.run(TestMethodWorker.java:134)
at java.base/java.util.ArrayList.forEach(ArrayList.java:1511)
at org.testng.TestRunner.privateRun(TestRunner.java:739)
at org.testng.TestRunner.run(TestRunner.java:614)
at org.testng.SuiteRunner.runTest(SuiteRunner.java:421)
at org.testng.SuiteRunner$SuiteWorker.run(SuiteRunner.java:463)
at org.testng.internal.thread.ThreadUtil.lambda$execute$0(ThreadUtil.java:64)
at java.base/java.util.concurrent.FutureTask.run(FutureTask.java:264)
at java.base/java.util.concurrent.ThreadPoolExecutor.runWorker(ThreadPoolExecutor.java:1136)
at java.base/java.util.concurrent.ThreadPoolExecutor$Worker.run(ThreadPoolExecutor.java:635)
at java.base/java.lang.Thread.run(Thread.java:833)
]]>
            </full-stacktrace>
          </exception> <!-- java.lang.AssertionError -->
          <reporter-output>
          </reporter-output>
        </test-method> <!-- MobileCarLoanlogin -->
        <test-method signature="MobileCarLoanlogout(java.lang.String,java.lang.String)[pri:0, instance:test.day3TestCasePriority@72035809]" started-at="2024-07-20T22:12:08 IST" name="MobileCarLoanlogout" finished-at="2024-07-20T22:12:08 IST" duration-ms="1" status="PASS">
          <params>
            <param index="0">
              <value>
                <![CDATA[carloan.com]]>
              </value>
            </param>
            <param index="1">
              <value>
                <![CDATA[dipeshsingh]]>
              </value>
            </param>
          </params>
          <reporter-output>
          </reporter-output>
        </test-method> <!-- MobileCarLoanlogout -->
        <test-method signature="MobileCarLoansignout()[pri:0, instance:test.day3TestCasePriority@72035809]" started-at="2024-07-20T22:12:08 IST" name="MobileCarLoansignout" finished-at="2024-07-20T22:12:08 IST" duration-ms="0" status="FAIL">
          <exception class="java.lang.ArithmeticException">
            <message>
              <![CDATA[/ by zero]]>
            </message>
            <full-stacktrace>
              <![CDATA[java.lang.ArithmeticException: / by zero
at test.day3TestCasePriority.MobileCarLoansignout(day3TestCasePriority.java:71)
at java.base/jdk.internal.reflect.NativeMethodAccessorImpl.invoke0(Native Method)
at java.base/jdk.internal.reflect.NativeMethodAccessorImpl.invoke(NativeMethodAccessorImpl.java:77)
at java.base/jdk.internal.reflect.DelegatingMethodAccessorImpl.invoke(DelegatingMethodAccessorImpl.java:43)
at java.base/java.lang.reflect.Method.invoke(Method.java:568)
at org.testng.internal.invokers.MethodInvocationHelper.invokeMethod(MethodInvocationHelper.java:141)
at org.testng.internal.invokers.TestInvoker.invokeMethod(TestInvoker.java:686)
at org.testng.internal.invokers.TestInvoker.invokeTestMethod(TestInvoker.java:230)
at org.testng.internal.invokers.MethodRunner.runInSequence(MethodRunner.java:63)
at org.testng.internal.invokers.TestInvoker$MethodInvocationAgent.invoke(TestInvoker.java:992)
at org.testng.internal.invokers.TestInvoker.invokeTestMethods(TestInvoker.java:203)
at org.testng.internal.invokers.TestMethodWorker.invokeTestMethods(TestMethodWorker.java:154)
at org.testng.internal.invokers.TestMethodWorker.run(TestMethodWorker.java:134)
at java.base/java.util.ArrayList.forEach(ArrayList.java:1511)
at org.testng.TestRunner.privateRun(TestRunner.java:739)
at org.testng.TestRunner.run(TestRunner.java:614)
at org.testng.SuiteRunner.runTest(SuiteRunner.java:421)
at org.testng.SuiteRunner$SuiteWorker.run(SuiteRunner.java:463)
at org.testng.internal.thread.ThreadUtil.lambda$execute$0(ThreadUtil.java:64)
at java.base/java.util.concurrent.FutureTask.run(FutureTask.java:264)
at java.base/java.util.concurrent.ThreadPoolExecutor.runWorker(ThreadPoolExecutor.java:1136)
at java.base/java.util.concurrent.ThreadPoolExecutor$Worker.run(ThreadPoolExecutor.java:635)
at java.base/java.lang.Thread.run(Thread.java:833)
]]>
            </full-stacktrace>
          </exception> <!-- java.lang.ArithmeticException -->
          <reporter-output>
          </reporter-output>
        </test-method> <!-- MobileCarLoansignout -->
        <test-method signature="MobileCarLoansingIn(java.lang.String,java.lang.String)[pri:0, instance:test.day3TestCasePriority@72035809]" started-at="2024-07-20T22:12:08 IST" name="MobileCarLoansingIn" data-provider="getdata" finished-at="2024-07-20T22:12:08 IST" duration-ms="2" status="PASS">
          <params>
            <param index="0">
              <value>
                <![CDATA[firstusername]]>
              </value>
            </param>
            <param index="1">
              <value>
                <![CDATA[firsstpassword]]>
              </value>
            </param>
          </params>
          <reporter-output>
          </reporter-output>
        </test-method> <!-- MobileCarLoansingIn -->
        <test-method signature="MobileCarLoansingIn(java.lang.String,java.lang.String)[pri:0, instance:test.day3TestCasePriority@72035809]" started-at="2024-07-20T22:12:08 IST" name="MobileCarLoansingIn" data-provider="getdata" finished-at="2024-07-20T22:12:08 IST" duration-ms="4" status="PASS">
          <params>
            <param index="0">
              <value>
                <![CDATA[secondusername]]>
              </value>
            </param>
            <param index="1">
              <value>
                <![CDATA[secondpassword]]>
              </value>
            </param>
          </params>
          <reporter-output>
          </reporter-output>
        </test-method> <!-- MobileCarLoansingIn -->
        <test-method signature="MobileCarLoansingIn(java.lang.String,java.lang.String)[pri:0, instance:test.day3TestCasePriority@72035809]" started-at="2024-07-20T22:12:08 IST" name="MobileCarLoansingIn" data-provider="getdata" finished-at="2024-07-20T22:12:08 IST" duration-ms="3" status="PASS">
          <params>
            <param index="0">
              <value>
                <![CDATA[thirdusername]]>
              </value>
            </param>
            <param index="1">
              <value>
                <![CDATA[thirdpassword]]>
              </value>
            </param>
          </params>
          <reporter-output>
          </reporter-output>
        </test-method> <!-- MobileCarLoansingIn -->
        <test-method is-config="true" signature="bafterclass()[pri:0, instance:test.day3TestCasePriority@72035809]" started-at="2024-07-20T22:12:08 IST" name="bafterclass" finished-at="2024-07-20T22:12:08 IST" duration-ms="1" status="PASS">
          <reporter-output>
          </reporter-output>
        </test-method> <!-- bafterclass -->
      </class> <!-- test.day3TestCasePriority -->
    </test> <!-- car loan -->
  </suite> <!-- Loan Department -->
</testng-results>
